This is pdfTeX, Version 3.141592653-2.6-1.40.26 (TeX Live 2024) (preloaded format=pdflatex 2024.11.7)  9 APR 2025 19:32
entering extended mode
 restricted \write18 enabled.
 file:line:error style messages enabled.
 %&-line parsing enabled.
**"Final Report"
(./Final Report.tex
LaTeX2e <2024-11-01>
L3 programming layer <2024-11-02>
(d:/texlive/2024/texmf-dist/tex/latex/base/article.cls
Document Class: article 2024/06/29 v1.4n Standard LaTeX document class
(d:/texlive/2024/texmf-dist/tex/latex/base/size12.clo
File: size12.clo 2024/06/29 v1.4n Standard LaTeX file (size option)
)
\c@part=\count196
\c@section=\count197
\c@subsection=\count198
\c@subsubsection=\count199
\c@paragraph=\count266
\c@subparagraph=\count267
\c@figure=\count268
\c@table=\count269
\abovecaptionskip=\skip49
\belowcaptionskip=\skip50
\bibindent=\dimen141
) (d:/texlive/2024/texmf-dist/tex/latex/titling/titling.sty
Package: titling 2009/09/04 v2.1d maketitle typesetting
\thanksmarkwidth=\skip51
\thanksmargin=\skip52
\droptitle=\skip53
) (d:/texlive/2024/texmf-dist/tex/latex/amsmath/amsmath.sty
Package: amsmath 2024/10/30 v2.17s AMS math features
\@mathmargin=\skip54

For additional information on amsmath, use the `?' option.
(d:/texlive/2024/texmf-dist/tex/latex/amsmath/amstext.sty
Package: amstext 2021/08/26 v2.01 AMS text
 (d:/texlive/2024/texmf-dist/tex/latex/amsmath/amsgen.sty
File: amsgen.sty 1999/11/30 v2.0 generic functions
\@emptytoks=\toks17
\ex@=\dimen142
)) (d:/texlive/2024/texmf-dist/tex/latex/amsmath/amsbsy.sty
Package: amsbsy 1999/11/29 v1.2d Bold Symbols
\pmbraise@=\dimen143
) (d:/texlive/2024/texmf-dist/tex/latex/amsmath/amsopn.sty
Package: amsopn 2022/04/08 v2.04 operator names
)
\inf@bad=\count270
LaTeX Info: Redefining \frac on input line 233.
\uproot@=\count271
\leftroot@=\count272
LaTeX Info: Redefining \overline on input line 398.
LaTeX Info: Redefining \colon on input line 409.
\classnum@=\count273
\DOTSCASE@=\count274
LaTeX Info: Redefining \ldots on input line 502.
LaTeX Info: Redefining \dots on input line 505.
LaTeX Info: Redefining \cdots on input line 638.
\Mathstrutbox@=\box52
\strutbox@=\box53
LaTeX Info: Redefining \big on input line 740.
LaTeX Info: Redefining \Big on input line 741.
LaTeX Info: Redefining \bigg on input line 742.
LaTeX Info: Redefining \Bigg on input line 743.
\big@size=\dimen144
LaTeX Font Info:    Redeclaring font encoding OML on input line 761.
LaTeX Font Info:    Redeclaring font encoding OMS on input line 762.
\macc@depth=\count275
LaTeX Info: Redefining \bmod on input line 923.
LaTeX Info: Redefining \pmod on input line 928.
LaTeX Info: Redefining \smash on input line 958.
LaTeX Info: Redefining \relbar on input line 988.
LaTeX Info: Redefining \Relbar on input line 989.
\c@MaxMatrixCols=\count276
\dotsspace@=\muskip17
\c@parentequation=\count277
\dspbrk@lvl=\count278
\tag@help=\toks18
\row@=\count279
\column@=\count280
\maxfields@=\count281
\andhelp@=\toks19
\eqnshift@=\dimen145
\alignsep@=\dimen146
\tagshift@=\dimen147
\tagwidth@=\dimen148
\totwidth@=\dimen149
\lineht@=\dimen150
\@envbody=\toks20
\multlinegap=\skip55
\multlinetaggap=\skip56
\mathdisplay@stack=\toks21
LaTeX Info: Redefining \[ on input line 2972.
LaTeX Info: Redefining \] on input line 2973.
) (d:/texlive/2024/texmf-dist/tex/latex/amsfonts/amssymb.sty
Package: amssymb 2013/01/14 v3.01 AMS font symbols
 (d:/texlive/2024/texmf-dist/tex/latex/amsfonts/amsfonts.sty
Package: amsfonts 2013/01/14 v3.01 Basic AMSFonts support
\symAMSa=\mathgroup4
\symAMSb=\mathgroup5
LaTeX Font Info:    Redeclaring math symbol \hbar on input line 98.
LaTeX Font Info:    Overwriting math alphabet `\mathfrak' in version `bold'
(Font)                  U/euf/m/n --> U/euf/b/n on input line 106.
)) (d:/texlive/2024/texmf-dist/tex/latex/graphics/graphicx.sty
Package: graphicx 2021/09/16 v1.2d Enhanced LaTeX Graphics (DPC,SPQR)
 (d:/texlive/2024/texmf-dist/tex/latex/graphics/keyval.sty
Package: keyval 2022/05/29 v1.15 key=value parser (DPC)
\KV@toks@=\toks22
) (d:/texlive/2024/texmf-dist/tex/latex/graphics/graphics.sty
Package: graphics 2024/08/06 v1.4g Standard LaTeX Graphics (DPC,SPQR)
 (d:/texlive/2024/texmf-dist/tex/latex/graphics/trig.sty
Package: trig 2023/12/02 v1.11 sin cos tan (DPC)
) (d:/texlive/2024/texmf-dist/tex/latex/graphics-cfg/graphics.cfg
File: graphics.cfg 2016/06/04 v1.11 sample graphics configuration
)
Package graphics Info: Driver file: pdftex.def on input line 106.
 (d:/texlive/2024/texmf-dist/tex/latex/graphics-def/pdftex.def
File: pdftex.def 2024/04/13 v1.2c Graphics/color driver for pdftex
))
\Gin@req@height=\dimen151
\Gin@req@width=\dimen152
) (d:/texlive/2024/texmf-dist/tex/latex/float/float.sty
Package: float 2001/11/08 v1.3d Float enhancements (AL)
\c@float@type=\count282
\float@exts=\toks23
\float@box=\box54
\@float@everytoks=\toks24
\@floatcapt=\box55
) (d:/texlive/2024/texmf-dist/tex/latex/enumitem/enumitem.sty
Package: enumitem 2019/06/20 v3.9 Customized lists
\labelindent=\skip57
\enit@outerparindent=\dimen153
\enit@toks=\toks25
\enit@inbox=\box56
\enit@count@id=\count283
\enitdp@description=\count284
) (d:/texlive/2024/texmf-dist/tex/latex/tools/bm.sty
Package: bm 2023/12/19 v1.2f Bold Symbol Support (DPC/FMi)
\symboldoperators=\mathgroup6
\symboldletters=\mathgroup7
\symboldsymbols=\mathgroup8
Package bm Info: No bold for \OMX/cmex/m/n, using \pmb.
Package bm Info: No bold for \U/msa/m/n, using \pmb.
Package bm Info: No bold for \U/msb/m/n, using \pmb.
LaTeX Font Info:    Redeclaring math alphabet \mathbf on input line 149.
) (d:/texlive/2024/texmf-dist/tex/latex/xcolor/xcolor.sty
Package: xcolor 2024/09/29 v3.02 LaTeX color extensions (UK)
 (d:/texlive/2024/texmf-dist/tex/latex/graphics-cfg/color.cfg
File: color.cfg 2016/01/02 v1.6 sample color configuration
)
Package xcolor Info: Driver file: pdftex.def on input line 274.
 (d:/texlive/2024/texmf-dist/tex/latex/graphics/mathcolor.ltx)
Package xcolor Info: Model `cmy' substituted by `cmy0' on input line 1349.
Package xcolor Info: Model `hsb' substituted by `rgb' on input line 1353.
Package xcolor Info: Model `RGB' extended on input line 1365.
Package xcolor Info: Model `HTML' substituted by `rgb' on input line 1367.
Package xcolor Info: Model `Hsb' substituted by `hsb' on input line 1368.
Package xcolor Info: Model `tHsb' substituted by `hsb' on input line 1369.
Package xcolor Info: Model `HSB' substituted by `hsb' on input line 1370.
Package xcolor Info: Model `Gray' substituted by `gray' on input line 1371.
Package xcolor Info: Model `wave' substituted by `hsb' on input line 1372.
) (d:/texlive/2024/texmf-dist/tex/latex/geometry/geometry.sty
Package: geometry 2020/01/02 v5.9 Page Geometry
 (d:/texlive/2024/texmf-dist/tex/generic/iftex/ifvtex.sty
Package: ifvtex 2019/10/25 v1.7 ifvtex legacy package. Use iftex instead.
 (d:/texlive/2024/texmf-dist/tex/generic/iftex/iftex.sty
Package: iftex 2022/02/03 v1.0f TeX engine tests
))
\Gm@cnth=\count285
\Gm@cntv=\count286
\c@Gm@tempcnt=\count287
\Gm@bindingoffset=\dimen154
\Gm@wd@mp=\dimen155
\Gm@odd@mp=\dimen156
\Gm@even@mp=\dimen157
\Gm@layoutwidth=\dimen158
\Gm@layoutheight=\dimen159
\Gm@layouthoffset=\dimen160
\Gm@layoutvoffset=\dimen161
\Gm@dimlist=\toks26
) (d:/texlive/2024/texmf-dist/tex/latex/l3backend/l3backend-pdftex.def
File: l3backend-pdftex.def 2024-05-08 L3 backend support: PDF output (pdfTeX)
\l__color_backend_stack_int=\count288
\l__pdf_internal_box=\box57
) (./Final Report.aux)
\openout1 = `"Final Report.aux"'.

LaTeX Font Info:    Checking defaults for OML/cmm/m/it on input line 13.
LaTeX Font Info:    ... okay on input line 13.
LaTeX Font Info:    Checking defaults for OMS/cmsy/m/n on input line 13.
LaTeX Font Info:    ... okay on input line 13.
LaTeX Font Info:    Checking defaults for OT1/cmr/m/n on input line 13.
LaTeX Font Info:    ... okay on input line 13.
LaTeX Font Info:    Checking defaults for T1/cmr/m/n on input line 13.
LaTeX Font Info:    ... okay on input line 13.
LaTeX Font Info:    Checking defaults for TS1/cmr/m/n on input line 13.
LaTeX Font Info:    ... okay on input line 13.
LaTeX Font Info:    Checking defaults for OMX/cmex/m/n on input line 13.
LaTeX Font Info:    ... okay on input line 13.
LaTeX Font Info:    Checking defaults for U/cmr/m/n on input line 13.
LaTeX Font Info:    ... okay on input line 13.
 (d:/texlive/2024/texmf-dist/tex/context/base/mkii/supp-pdf.mkii
[Loading MPS to PDF converter (version 2006.09.02).]
\scratchcounter=\count289
\scratchdimen=\dimen162
\scratchbox=\box58
\nofMPsegments=\count290
\nofMParguments=\count291
\everyMPshowfont=\toks27
\MPscratchCnt=\count292
\MPscratchDim=\dimen163
\MPnumerator=\count293
\makeMPintoPDFobject=\count294
\everyMPtoPDFconversion=\toks28
) (d:/texlive/2024/texmf-dist/tex/latex/epstopdf-pkg/epstopdf-base.sty
Package: epstopdf-base 2020-01-24 v2.11 Base part for package epstopdf
Package epstopdf-base Info: Redefining graphics rule for `.eps' on input line 485.
 (d:/texlive/2024/texmf-dist/tex/latex/latexconfig/epstopdf-sys.cfg
File: epstopdf-sys.cfg 2010/07/13 v1.3 Configuration of (r)epstopdf for TeX Live
))
*geometry* driver: auto-detecting
*geometry* detected driver: pdftex
*geometry* verbose mode - [ preamble ] result:
* driver: pdftex
* paper: letterpaper
* layout: <same size as paper>
* layoutoffset:(h,v)=(0.0pt,0.0pt)
* modes: 
* h-part:(L,W,R)=(72.26999pt, 469.75502pt, 72.26999pt)
* v-part:(T,H,B)=(72.26999pt, 650.43001pt, 72.26999pt)
* \paperwidth=614.295pt
* \paperheight=794.96999pt
* \textwidth=469.75502pt
* \textheight=650.43001pt
* \oddsidemargin=0.0pt
* \evensidemargin=0.0pt
* \topmargin=-37.0pt
* \headheight=12.0pt
* \headsep=25.0pt
* \topskip=12.0pt
* \footskip=30.0pt
* \marginparwidth=44.0pt
* \marginparsep=10.0pt
* \columnsep=10.0pt
* \skip\footins=10.8pt plus 4.0pt minus 2.0pt
* \hoffset=0.0pt
* \voffset=0.0pt
* \mag=1000
* \@twocolumnfalse
* \@twosidefalse
* \@mparswitchfalse
* \@reversemarginfalse
* (1in=72.27pt=25.4mm, 1cm=28.453pt)

LaTeX Font Info:    Trying to load font information for U+msa on input line 18.
(d:/texlive/2024/texmf-dist/tex/latex/amsfonts/umsa.fd
File: umsa.fd 2013/01/14 v3.01 AMS symbols A
)
LaTeX Font Info:    Trying to load font information for U+msb on input line 18.
 (d:/texlive/2024/texmf-dist/tex/latex/amsfonts/umsb.fd
File: umsb.fd 2013/01/14 v3.01 AMS symbols B
)
<Figures/1-1 Find the Best n_clusters.png, id=1, 714.7503pt x 426.393pt>
File: Figures/1-1 Find the Best n_clusters.png Graphic file (type png)
<use Figures/1-1 Find the Best n_clusters.png>
Package pdftex.def Info: Figures/1-1 Find the Best n_clusters.png  used on input line 27.
(pdftex.def)             Requested size: 428.8535pt x 255.83777pt.
<Figures/1-2 2 Clusters.png, id=3, 1300.86pt x 993.7125pt>
File: Figures/1-2 2 Clusters.png Graphic file (type png)
<use Figures/1-2 2 Clusters.png>
Package pdftex.def Info: Figures/1-2 2 Clusters.png  used on input line 31.
(pdftex.def)             Requested size: 390.26102pt x 298.11604pt.


[1

{d:/texlive/2024/texmf-var/fonts/map/pdftex/updmap/pdftex.map} <./Figures/1-1 Find the Best n_clusters.png>]
<Figures/1-2 6 Clusters.png, id=12, 1300.86pt x 993.7125pt>
File: Figures/1-2 6 Clusters.png Graphic file (type png)
<use Figures/1-2 6 Clusters.png>
Package pdftex.def Info: Figures/1-2 6 Clusters.png  used on input line 35.
(pdftex.def)             Requested size: 390.26102pt x 298.11604pt.
<Figures/1-2 10 Clusters.png, id=13, 1300.86pt x 993.7125pt>
File: Figures/1-2 10 Clusters.png Graphic file (type png)
<use Figures/1-2 10 Clusters.png>
Package pdftex.def Info: Figures/1-2 10 Clusters.png  used on input line 36.
(pdftex.def)             Requested size: 390.26102pt x 298.11604pt.


[2 <./Figures/1-2 2 Clusters.png> <./Figures/1-2 6 Clusters.png>]
<Figures/2 10 Clusters.png, id=19, 433.62pt x 614.295pt>
File: Figures/2 10 Clusters.png Graphic file (type png)
<use Figures/2 10 Clusters.png>
Package pdftex.def Info: Figures/2 10 Clusters.png  used on input line 41.
(pdftex.def)             Requested size: 216.80946pt x 307.14674pt.


[3 <./Figures/1-2 10 Clusters.png>]
<Figures/3 Optmized 1st.png, id=24, 1084.05pt x 361.35pt>
File: Figures/3 Optmized 1st.png Graphic file (type png)
<use Figures/3 Optmized 1st.png>
Package pdftex.def Info: Figures/3 Optmized 1st.png  used on input line 48.
(pdftex.def)             Requested size: 379.42319pt x 126.4744pt.
<Figures/3 Optmized 2nd.png, id=25, 1084.05pt x 361.35pt>
File: Figures/3 Optmized 2nd.png Graphic file (type png)
<use Figures/3 Optmized 2nd.png>
Package pdftex.def Info: Figures/3 Optmized 2nd.png  used on input line 49.
(pdftex.def)             Requested size: 379.42319pt x 126.4744pt.
<Figures/3 Optmized 3rd.png, id=26, 1084.05pt x 361.35pt>
File: Figures/3 Optmized 3rd.png Graphic file (type png)
<use Figures/3 Optmized 3rd.png>
Package pdftex.def Info: Figures/3 Optmized 3rd.png  used on input line 50.
(pdftex.def)             Requested size: 379.42319pt x 126.4744pt.


[4 <./Figures/2 10 Clusters.png> <./Figures/3 Optmized 1st.png> <./Figures/3 Optmized 2nd.png>]
<Figures/4 Optmized 1st.png, id=33, 1084.05pt x 361.35pt>
File: Figures/4 Optmized 1st.png Graphic file (type png)
<use Figures/4 Optmized 1st.png>
Package pdftex.def Info: Figures/4 Optmized 1st.png  used on input line 57.
(pdftex.def)             Requested size: 379.42319pt x 126.4744pt.
<Figures/4 Optmized 2nd.png, id=34, 1084.05pt x 361.35pt>
File: Figures/4 Optmized 2nd.png Graphic file (type png)
<use Figures/4 Optmized 2nd.png>
Package pdftex.def Info: Figures/4 Optmized 2nd.png  used on input line 58.
(pdftex.def)             Requested size: 379.42319pt x 126.4744pt.
<Figures/4 Optmized 3rd.png, id=35, 1084.05pt x 361.35pt>
File: Figures/4 Optmized 3rd.png Graphic file (type png)
<use Figures/4 Optmized 3rd.png>
Package pdftex.def Info: Figures/4 Optmized 3rd.png  used on input line 59.
(pdftex.def)             Requested size: 379.42319pt x 126.4744pt.


[5 <./Figures/3 Optmized 3rd.png> <./Figures/4 Optmized 1st.png> <./Figures/4 Optmized 2nd.png> <./Figures/4 Optmized 3rd.png>]
<Figures/5 Directed (Merge 3 Clusters).png, id=43, 1084.05pt x 361.35pt>
File: Figures/5 Directed (Merge 3 Clusters).png Graphic file (type png)
<use Figures/5 Directed (Merge 3 Clusters).png>
Package pdftex.def Info: Figures/5 Directed (Merge 3 Clusters).png  used on input line 85.
(pdftex.def)             Requested size: 379.42319pt x 126.4744pt.
<Figures/5 Directed (Merge 5 Clusters).png, id=44, 1084.05pt x 361.35pt>
File: Figures/5 Directed (Merge 5 Clusters).png Graphic file (type png)
<use Figures/5 Directed (Merge 5 Clusters).png>
Package pdftex.def Info: Figures/5 Directed (Merge 5 Clusters).png  used on input line 86.
(pdftex.def)             Requested size: 379.42319pt x 126.4744pt.
<Figures/6 Directed (Merge 3 Clusters).png, id=45, 1084.05pt x 361.35pt>
File: Figures/6 Directed (Merge 3 Clusters).png Graphic file (type png)
<use Figures/6 Directed (Merge 3 Clusters).png>
Package pdftex.def Info: Figures/6 Directed (Merge 3 Clusters).png  used on input line 90.
(pdftex.def)             Requested size: 379.42319pt x 126.4744pt.
<Figures/6 Directed (Merge 5 Clusters).png, id=46, 1084.05pt x 361.35pt>
File: Figures/6 Directed (Merge 5 Clusters).png Graphic file (type png)
<use Figures/6 Directed (Merge 5 Clusters).png>
Package pdftex.def Info: Figures/6 Directed (Merge 5 Clusters).png  used on input line 91.
(pdftex.def)             Requested size: 379.42319pt x 126.4744pt.


[6 <./Figures/5 Directed (Merge 3 Clusters).png> <./Figures/5 Directed (Merge 5 Clusters).png> <./Figures/6 Directed (Merge 3 Clusters).png>]

[7 <./Figures/6 Directed (Merge 5 Clusters).png>] (./Final Report.aux)
 ***********
LaTeX2e <2024-11-01>
L3 programming layer <2024-11-02>
 ***********
 ) 
Here is how much of TeX's memory you used:
 4295 strings out of 473362
 64873 string characters out of 5725051
 464662 words of memory out of 5000000
 27357 multiletter control sequences out of 15000+600000
 572055 words of font info for 87 fonts, out of 8000000 for 9000
 1141 hyphenation exceptions out of 8191
 57i,10n,65p,226b,251s stack positions out of 10000i,1000n,20000p,200000b,200000s
<d:/texlive/2024/texmf-dist/fonts/type1/public/amsfonts/cm/cmbx12.pfb><d:/texlive/2024/texmf-dist/fonts/type1/public/amsfonts/cm/cmmi12.pfb><d:/texlive/2024/texmf-dist/fonts/type1/public/amsfonts/cm/cmr12.pfb><d:/texlive/2024/texmf-dist/fonts/type1/public/amsfonts/cm/cmsy10.pfb>
Output written on "Final Report.pdf" (7 pages, 7684548 bytes).
PDF statistics:
 79 PDF objects out of 1000 (max. 8388607)
 31 compressed objects within 1 object stream
 0 named destinations out of 1000 (max. 500000)
 76 words of extra memory for PDF output out of 10000 (max. 10000000)

